<?xml version="1.0" encoding="UTF-8"?>
<!-- Generated by org.testng.reporters.JUnitReportReporter -->
<testsuite hostname="DESKTOP-PEK5P79" failures="0" tests="2" name="testRunner.TestRunner_Gell_All_Justo_Accounts" time="33.397" errors="0" timestamp="2021-07-24T17:44:37 IST" skipped="0">
  <testcase classname="testRunner.TestRunner_Gell_All_Justo_Accounts" name="runScenario" time="15.490"/>
  <system-out/>
  <testcase classname="testRunner.TestRunner_Gell_All_Justo_Accounts" name="runScenario" time="17.907"/>
  <system-out/>
</testsuite> <!-- testRunner.TestRunner_Gell_All_Justo_Accounts -->
