<?xml version="1.0" encoding="UTF-8"?>
<!-- Generated by org.testng.reporters.JUnitReportReporter -->
<testsuite hostname="DESKTOP-PEK5P79" failures="0" tests="1" name="com.neonomics.corelibraries.Payments" time="0.169" errors="0" timestamp="2021-03-15T21:30:30 IST" skipped="0">
  <testcase classname="com.neonomics.corelibraries.Payments" name="initiateDomesticPayment" time="0.169"/>
  <system-out/>
</testsuite> <!-- com.neonomics.corelibraries.Payments -->
