<?xml version="1.0" encoding="UTF-8"?>
<!-- Generated by org.testng.reporters.JUnitReportReporter -->
<testsuite hostname="Aakash-PC" failures="0" tests="1" name="com.test.Test" time="4.960" errors="0" timestamp="2021-09-30T10:03:27 CEST" skipped="0">
  <testcase classname="com.test.Test" name="testSelenium" time="4.960"/>
  <system-out/>
</testsuite> <!-- com.test.Test -->
